<?xml version="1.0" encoding="UTF-8"?>
<!-- Generated by org.testng.reporters.JUnitXMLReporter -->
<testsuite hostname="DESKTOP-JVC3DQI" ignored="25" name="Default test" tests="1" failures="0" timestamp="25 Jun 2018 12:38:10 GMT" time="36.527" errors="0">
  <testcase name="Delete_Project_Test" time="14.953" classname="com.testcases.Build_ProjectsPageTest"/>
  <testcase name="Upload_Parts_Template_Test" time="0.0" classname="com.testcases.Build_ProjectsPageTest">
    <ignored/>
  </testcase> <!-- Upload_Parts_Template_Test -->
  <testcase name="Remove_Uploaded_Files_from_Project_Test" time="0.0" classname="com.testcases.Build_ProjectsPageTest">
    <ignored/>
  </testcase> <!-- Remove_Uploaded_Files_from_Project_Test -->
  <testcase name="Filter_Option_Test" time="0.0" classname="com.testcases.Build_ProjectsPageTest">
    <ignored/>
  </testcase> <!-- Filter_Option_Test -->
  <testcase name="Edit_Project_Test" time="0.0" classname="com.testcases.Build_ProjectsPageTest">
    <ignored/>
  </testcase> <!-- Edit_Project_Test -->
  <testcase name="Export_Stages_into_Templates_Test" time="0.0" classname="com.testcases.Build_ProjectsPageTest">
    <ignored/>
  </testcase> <!-- Export_Stages_into_Templates_Test -->
  <testcase name="Delete_Stage_Test" time="0.0" classname="com.testcases.Build_ProjectsPageTest">
    <ignored/>
  </testcase> <!-- Delete_Stage_Test -->
  <testcase name="Add_Parts_to_the_Project_Test" time="0.0" classname="com.testcases.Build_ProjectsPageTest">
    <ignored/>
  </testcase> <!-- Add_Parts_to_the_Project_Test -->
  <testcase name="Upload_Files_to_Project_Test" time="0.0" classname="com.testcases.Build_ProjectsPageTest">
    <ignored/>
  </testcase> <!-- Upload_Files_to_Project_Test -->
  <testcase name="Delete_Uploaded_img_and_Added_Link_Test" time="0.0" classname="com.testcases.Build_ProjectsPageTest">
    <ignored/>
  </testcase> <!-- Delete_Uploaded_img_and_Added_Link_Test -->
  <testcase name="Please_enter_template_name_error_message_Test" time="0.0" classname="com.testcases.Build_ProjectsPageTest">
    <ignored/>
  </testcase> <!-- Please_enter_template_name_error_message_Test -->
  <testcase name="Export_Parts_Table_To_Excel_Test" time="0.0" classname="com.testcases.Build_ProjectsPageTest">
    <ignored/>
  </testcase> <!-- Export_Parts_Table_To_Excel_Test -->
  <testcase name="Error_Message_When_Upload_File_and_Add_Link_without_Part_No_Test" time="0.0" classname="com.testcases.Build_ProjectsPageTest">
    <ignored/>
  </testcase> <!-- Error_Message_When_Upload_File_and_Add_Link_without_Part_No_Test -->
  <testcase name="Project_for_Track_test" time="0.0" classname="com.testcases.Build_ProjectsPageTest">
    <ignored/>
  </testcase> <!-- Project_for_Track_test -->
  <testcase name="Download_Parts_Template_Test" time="0.0" classname="com.testcases.Build_ProjectsPageTest">
    <ignored/>
  </testcase> <!-- Download_Parts_Template_Test -->
  <testcase name="Launch_Project_Test" time="0.0" classname="com.testcases.Build_ProjectsPageTest">
    <ignored/>
  </testcase> <!-- Launch_Project_Test -->
  <testcase name="Create_Project_Test" time="0.0" classname="com.testcases.Build_ProjectsPageTest">
    <ignored/>
  </testcase> <!-- Create_Project_Test -->
  <testcase name="Import_Template_Functionality_Test" time="0.0" classname="com.testcases.Build_ProjectsPageTest">
    <ignored/>
  </testcase> <!-- Import_Template_Functionality_Test -->
  <testcase name="Create_project_for_Unconditional_completion_Test" time="0.0" classname="com.testcases.Build_ProjectsPageTest">
    <ignored/>
  </testcase> <!-- Create_project_for_Unconditional_completion_Test -->
  <testcase name="Add_Stages_to_Project_Test" time="0.0" classname="com.testcases.Build_ProjectsPageTest">
    <ignored/>
  </testcase> <!-- Add_Stages_to_Project_Test -->
  <testcase name="Delete_Added_Peoples_to_Project_Test" time="0.0" classname="com.testcases.Build_ProjectsPageTest">
    <ignored/>
  </testcase> <!-- Delete_Added_Peoples_to_Project_Test -->
  <testcase name="Edit_Parts_functionality_Test" time="0.0" classname="com.testcases.Build_ProjectsPageTest">
    <ignored/>
  </testcase> <!-- Edit_Parts_functionality_Test -->
  <testcase name="Delete_Parts_functionality_Test" time="0.0" classname="com.testcases.Build_ProjectsPageTest">
    <ignored/>
  </testcase> <!-- Delete_Parts_functionality_Test -->
  <testcase name="Edit_Stage_Test" time="0.0" classname="com.testcases.Build_ProjectsPageTest">
    <ignored/>
  </testcase> <!-- Edit_Stage_Test -->
  <testcase name="ProjectsPage_Verification_Test" time="0.0" classname="com.testcases.Build_ProjectsPageTest">
    <ignored/>
  </testcase> <!-- ProjectsPage_Verification_Test -->
  <testcase name="Add_Peoples_to_Project_Test" time="0.0" classname="com.testcases.Build_ProjectsPageTest">
    <ignored/>
  </testcase> <!-- Add_Peoples_to_Project_Test -->
</testsuite> <!-- Default test -->
