<?xml version="1.0" encoding="UTF-8"?>
<testng-results skipped="0" failed="0" ignored="25" total="26" passed="1">
  <reporter-output>
    <line>
      <![CDATA[Project Deleted Successfully]]>
    </line>
  </reporter-output>
  <suite name="Default suite" duration-ms="36527" started-at="2018-06-25T12:37:33Z" finished-at="2018-06-25T12:38:10Z">
    <groups>
    </groups>
    <test name="Default test" duration-ms="36527" started-at="2018-06-25T12:37:33Z" finished-at="2018-06-25T12:38:10Z">
      <class name="com.testcases.Build_ProjectsPageTest">
        <test-method status="PASS" signature="setUp()[pri:0, instance:com.testcases.Build_ProjectsPageTest@3f49dace]" name="setUp" is-config="true" duration-ms="21549" started-at="2018-06-25T18:07:33Z" finished-at="2018-06-25T18:07:55Z">
          <reporter-output>
          </reporter-output>
        </test-method> <!-- setUp -->
        <test-method status="PASS" signature="Delete_Project_Test()[pri:0, instance:com.testcases.Build_ProjectsPageTest@3f49dace]" name="Delete_Project_Test" duration-ms="14953" started-at="2018-06-25T18:07:55Z" finished-at="2018-06-25T18:08:10Z">
          <reporter-output>
            <line>
              <![CDATA[Project Deleted Successfully]]>
            </line>
          </reporter-output>
        </test-method> <!-- Delete_Project_Test -->
      </class> <!-- com.testcases.Build_ProjectsPageTest -->
    </test> <!-- Default test -->
  </suite> <!-- Default suite -->
</testng-results>
